-- The C compiler identification is GNU 11.3.0
-- The CXX compiler identification is GNU 11.3.0
-- Detecting C compiler ABI info
-- Detecting C compiler ABI info - done
-- Check for working C compiler: /usr/bin/cc - skipped
-- Detecting C compile features
-- Detecting C compile features - done
-- Detecting CXX compiler ABI info
-- Detecting CXX compiler ABI info - done
-- Check for working CXX compiler: /usr/bin/c++ - skipped
-- Detecting CXX compile features
-- Detecting CXX compile features - done
-- Found ament_cmake: 1.5.2 (/home/yamasaki/ros2_rolling/install/ament_cmake/share/ament_cmake/cmake)
-- Found Python3: /usr/bin/python3.10 (found version "3.10.6") found components: Interpreter 
-- Override CMake install command with custom implementation using symlinks instead of copying resources
-- Found builtin_interfaces: 1.3.1 (/home/yamasaki/ros2_rolling/install/builtin_interfaces/share/builtin_interfaces/cmake)
-- Found rosidl_generator_c: 3.3.1 (/home/yamasaki/ros2_rolling/install/rosidl_generator_c/share/rosidl_generator_c/cmake)
-- Found rosidl_generator_cpp: 3.3.1 (/home/yamasaki/ros2_rolling/install/rosidl_generator_cpp/share/rosidl_generator_cpp/cmake)
-- Using all available rosidl_typesupport_c: rosidl_typesupport_introspection_c;rosidl_typesupport_fastrtps_c
-- Using all available rosidl_typesupport_cpp: rosidl_typesupport_introspection_cpp;rosidl_typesupport_fastrtps_cpp
-- Found rclcpp: 17.1.0 (/home/yamasaki/ros2_rolling/install/rclcpp/share/rclcpp/cmake)
-- Found rmw_implementation_cmake: 6.4.0 (/home/yamasaki/ros2_rolling/install/rmw_implementation_cmake/share/rmw_implementation_cmake/cmake)
-- Found rmw_fastrtps_cpp: 6.5.0 (/home/yamasaki/ros2_rolling/install/rmw_fastrtps_cpp/share/rmw_fastrtps_cpp/cmake)
-- Found OpenSSL: /usr/lib/x86_64-linux-gnu/libcrypto.so (found version "3.0.2")  
-- Found FastRTPS: /home/yamasaki/ros2_rolling/install/fastrtps/include  
-- Using RMW implementation 'rmw_fastrtps_cpp' as default
-- Looking for pthread.h
-- Looking for pthread.h - found
-- Performing Test CMAKE_HAVE_LIBC_PTHREAD
-- Performing Test CMAKE_HAVE_LIBC_PTHREAD - Success
-- Found Threads: TRUE  
-- Found sensor_msgs: 4.6.1 (/home/yamasaki/ros2_rolling/install/sensor_msgs/share/sensor_msgs/cmake)
-- Found OpenCV: /usr (found version "4.5.4") found components: core highgui imgproc videoio 
-- Found ament_lint_auto: 0.13.2 (/home/yamasaki/ros2_rolling/install/ament_lint_auto/share/ament_lint_auto/cmake)
-- Found python_cmake_module: 0.10.1 (/home/yamasaki/ros2_rolling/install/python_cmake_module/share/python_cmake_module/cmake)
-- Found PythonInterp: /usr/bin/python3 (found suitable version "3.10.6", minimum required is "3.6") 
-- Found PythonLibs: /usr/lib/x86_64-linux-gnu/libpython3.10.so (found suitable version "3.10.6", minimum required is "3.5") 
-- Using PYTHON_EXECUTABLE: /usr/bin/python3
-- Using PYTHON_INCLUDE_DIRS: /usr/include/python3.10
-- Using PYTHON_LIBRARIES: /usr/lib/x86_64-linux-gnu/libpython3.10.so
-- Found PythonExtra: .so  
-- Added test 'copyright' to check source files copyright and LICENSE
-- Added test 'cppcheck' to perform static code analysis on C / C++ code
-- Configured cppcheck include dirs: /home/src/demos/intra_process_demo/include
-- Configured cppcheck exclude dirs and/or files: 
-- Added test 'cpplint' to check C / C++ code against the Google style
-- Configured cpplint exclude dirs and/or files: 
-- Added test 'lint_cmake' to check CMake code style
-- Added test 'uncrustify' to check C / C++ code style
-- Configured uncrustify additional arguments: 
-- Added test 'xmllint' to check XML markup files
-- Configuring done
-- Generating done
-- Build files have been written to: /home/src/demos/build/intra_process_demo
[ 12%] [32mBuilding CXX object CMakeFiles/two_node_pipeline.dir/src/two_node_pipeline/two_node_pipeline.cpp.o[0m
[ 12%] [32mBuilding CXX object CMakeFiles/cyclic_pipeline.dir/src/cyclic_pipeline/cyclic_pipeline.cpp.o[0m
[ 18%] [32mBuilding CXX object CMakeFiles/two_thread_cyclic_pipeline.dir/src/cyclic_pipeline/two_thread_cyclic_pipeline.cpp.o[0m
[ 25%] [32mBuilding CXX object CMakeFiles/image_view_node.dir/src/image_pipeline/image_view_node.cpp.o[0m
[ 31%] [32mBuilding CXX object CMakeFiles/image_pipeline_all_in_one.dir/src/image_pipeline/image_pipeline_all_in_one.cpp.o[0m
[ 37%] [32mBuilding CXX object CMakeFiles/image_pipeline_with_two_image_view.dir/src/image_pipeline/image_pipeline_with_two_image_view.cpp.o[0m
[ 43%] [32mBuilding CXX object CMakeFiles/watermark_node.dir/src/image_pipeline/watermark_node.cpp.o[0m
[ 50%] [32mBuilding CXX object CMakeFiles/camera_node.dir/src/image_pipeline/camera_node.cpp.o[0m
[ 56%] [32m[1mLinking CXX executable camera_node[0m
[ 56%] Built target camera_node
[ 62%] [32m[1mLinking CXX executable two_node_pipeline[0m
[ 62%] Built target two_node_pipeline
[ 68%] [32m[1mLinking CXX executable two_thread_cyclic_pipeline[0m
[ 75%] [32m[1mLinking CXX executable watermark_node[0m
[ 81%] [32m[1mLinking CXX executable cyclic_pipeline[0m
[ 81%] Built target two_thread_cyclic_pipeline
[ 81%] Built target cyclic_pipeline
[ 87%] [32m[1mLinking CXX executable image_view_node[0m
[ 87%] Built target watermark_node
[ 93%] [32m[1mLinking CXX executable image_pipeline_all_in_one[0m
[100%] [32m[1mLinking CXX executable image_pipeline_with_two_image_view[0m
[100%] Built target image_view_node
[100%] Built target image_pipeline_all_in_one
[100%] Built target image_pipeline_with_two_image_view
-- Install configuration: ""
-- Execute custom install script
-- Symlinking: /home/src/demos/install/intra_process_demo/lib/intra_process_demo/two_node_pipeline
-- Symlinking: /home/src/demos/install/intra_process_demo/lib/intra_process_demo/cyclic_pipeline
-- Symlinking: /home/src/demos/install/intra_process_demo/lib/intra_process_demo/two_thread_cyclic_pipeline
-- Symlinking: /home/src/demos/install/intra_process_demo/lib/intra_process_demo/image_pipeline_all_in_one
-- Symlinking: /home/src/demos/install/intra_process_demo/lib/intra_process_demo/image_pipeline_with_two_image_view
-- Symlinking: /home/src/demos/install/intra_process_demo/lib/intra_process_demo/camera_node
-- Symlinking: /home/src/demos/install/intra_process_demo/lib/intra_process_demo/watermark_node
-- Symlinking: /home/src/demos/install/intra_process_demo/lib/intra_process_demo/image_view_node
-- Symlinking: /home/src/demos/install/intra_process_demo/include/intra_process_demo/image_pipeline/camera_node.hpp
-- Symlinking: /home/src/demos/install/intra_process_demo/include/intra_process_demo/image_pipeline/common.hpp
-- Symlinking: /home/src/demos/install/intra_process_demo/include/intra_process_demo/image_pipeline/image_view_node.hpp
-- Symlinking: /home/src/demos/install/intra_process_demo/include/intra_process_demo/image_pipeline/watermark_node.hpp
-- Symlinking: /home/src/demos/install/intra_process_demo/share/ament_index/resource_index/package_run_dependencies/intra_process_demo
-- Symlinking: /home/src/demos/install/intra_process_demo/share/ament_index/resource_index/parent_prefix_path/intra_process_demo
-- Symlinking: /home/src/demos/install/intra_process_demo/share/intra_process_demo/environment/ament_prefix_path.sh
-- Symlinking: /home/src/demos/install/intra_process_demo/share/intra_process_demo/environment/ament_prefix_path.dsv
-- Symlinking: /home/src/demos/install/intra_process_demo/share/intra_process_demo/environment/path.sh
-- Symlinking: /home/src/demos/install/intra_process_demo/share/intra_process_demo/environment/path.dsv
-- Symlinking: /home/src/demos/install/intra_process_demo/share/intra_process_demo/local_setup.bash
-- Symlinking: /home/src/demos/install/intra_process_demo/share/intra_process_demo/local_setup.sh
-- Symlinking: /home/src/demos/install/intra_process_demo/share/intra_process_demo/local_setup.zsh
-- Symlinking: /home/src/demos/install/intra_process_demo/share/intra_process_demo/local_setup.dsv
-- Symlinking: /home/src/demos/install/intra_process_demo/share/intra_process_demo/package.dsv
-- Symlinking: /home/src/demos/install/intra_process_demo/share/ament_index/resource_index/packages/intra_process_demo
-- Symlinking: /home/src/demos/install/intra_process_demo/share/intra_process_demo/cmake/ament_cmake_export_include_directories-extras.cmake
-- Symlinking: /home/src/demos/install/intra_process_demo/share/intra_process_demo/cmake/intra_process_demoConfig.cmake
-- Symlinking: /home/src/demos/install/intra_process_demo/share/intra_process_demo/cmake/intra_process_demoConfig-version.cmake
-- Symlinking: /home/src/demos/install/intra_process_demo/share/intra_process_demo/package.xml
