[2.651s] DEBUG:colcon:Command line arguments: ['/usr/bin/colcon', 'build', '--symlink-install', '--packages-select', 'intra_process_demo']
[2.651s] DEBUG:colcon:Parsed command line arguments: Namespace(log_base=None, log_level=None, verb_name='build', build_base='build', install_base='install', merge_install=False, symlink_install=True, test_result_base=None, continue_on_error=False, executor='parallel', parallel_workers=12, event_handlers=None, ignore_user_meta=False, metas=['./colcon.meta'], base_paths=['.'], packages_ignore=None, packages_ignore_regex=None, paths=None, packages_up_to=None, packages_up_to_regex=None, packages_above=None, packages_above_and_dependencies=None, packages_above_depth=None, packages_select_by_dep=None, packages_skip_by_dep=None, packages_skip_up_to=None, packages_select_build_failed=False, packages_skip_build_finished=False, packages_select_test_failures=False, packages_skip_test_passed=False, packages_select=['intra_process_demo'], packages_skip=None, packages_select_regex=None, packages_skip_regex=None, packages_start=None, packages_end=None, cmake_args=None, cmake_target=None, cmake_target_skip_unavailable=False, cmake_clean_cache=False, cmake_clean_first=False, cmake_force_configure=False, ament_cmake_args=None, catkin_cmake_args=None, catkin_skip_building_tests=False, mixin_files=None, mixin=None, verb_parser=<colcon_mixin.mixin.mixin_argument.MixinArgumentDecorator object at 0x7fae2a302e60>, verb_extension=<colcon_core.verb.build.BuildVerb object at 0x7fae2ac7a290>, main=<bound method BuildVerb.main of <colcon_core.verb.build.BuildVerb object at 0x7fae2ac7a290>>, mixin_verb=('build',))
[2.683s] Level 1:colcon.colcon_core.package_discovery:discover_packages(colcon_meta) check parameters
[2.683s] Level 1:colcon.colcon_core.package_discovery:discover_packages(recursive) check parameters
[2.683s] Level 1:colcon.colcon_core.package_discovery:discover_packages(ignore) check parameters
[2.683s] Level 1:colcon.colcon_core.package_discovery:discover_packages(path) check parameters
[2.683s] Level 1:colcon.colcon_core.package_discovery:discover_packages(colcon_meta) discover
[2.683s] Level 1:colcon.colcon_core.package_discovery:discover_packages(recursive) discover
[2.683s] INFO:colcon.colcon_core.package_discovery:Crawling recursively for packages in '/home/src/demos'
[2.683s] Level 1:colcon.colcon_core.package_identification:_identify(.) by extensions ['ignore', 'ignore_ament_install']
[2.683s] Level 1:colcon.colcon_core.package_identification:_identify(.) by extension 'ignore'
[2.683s] Level 1:colcon.colcon_core.package_identification:_identify(.) by extension 'ignore_ament_install'
[2.683s] Level 1:colcon.colcon_core.package_identification:_identify(.) by extensions ['colcon_pkg']
[2.683s] Level 1:colcon.colcon_core.package_identification:_identify(.) by extension 'colcon_pkg'
[2.683s] Level 1:colcon.colcon_core.package_identification:_identify(.) by extensions ['colcon_meta']
[2.683s] Level 1:colcon.colcon_core.package_identification:_identify(.) by extension 'colcon_meta'
[2.683s] Level 1:colcon.colcon_core.package_identification:_identify(.) by extensions ['ros']
[2.683s] Level 1:colcon.colcon_core.package_identification:_identify(.) by extension 'ros'
[2.700s] Level 1:colcon.colcon_core.package_identification:_identify(.) by extensions ['cmake', 'python']
[2.700s] Level 1:colcon.colcon_core.package_identification:_identify(.) by extension 'cmake'
[2.700s] Level 1:colcon.colcon_core.package_identification:_identify(.) by extension 'python'
[2.700s] Level 1:colcon.colcon_core.package_identification:_identify(.) by extensions ['python_setup_py']
[2.700s] Level 1:colcon.colcon_core.package_identification:_identify(.) by extension 'python_setup_py'
[2.700s] Level 1:colcon.colcon_core.package_identification:_identify(action_tutorials) by extensions ['ignore', 'ignore_ament_install']
[2.700s] Level 1:colcon.colcon_core.package_identification:_identify(action_tutorials) by extension 'ignore'
[2.700s] Level 1:colcon.colcon_core.package_identification:_identify(action_tutorials) by extension 'ignore_ament_install'
[2.700s] Level 1:colcon.colcon_core.package_identification:_identify(action_tutorials) by extensions ['colcon_pkg']
[2.700s] Level 1:colcon.colcon_core.package_identification:_identify(action_tutorials) by extension 'colcon_pkg'
[2.700s] Level 1:colcon.colcon_core.package_identification:_identify(action_tutorials) by extensions ['colcon_meta']
[2.700s] Level 1:colcon.colcon_core.package_identification:_identify(action_tutorials) by extension 'colcon_meta'
[2.700s] Level 1:colcon.colcon_core.package_identification:_identify(action_tutorials) by extensions ['ros']
[2.700s] Level 1:colcon.colcon_core.package_identification:_identify(action_tutorials) by extension 'ros'
[2.701s] Level 1:colcon.colcon_core.package_identification:_identify(action_tutorials) by extensions ['cmake', 'python']
[2.701s] Level 1:colcon.colcon_core.package_identification:_identify(action_tutorials) by extension 'cmake'
[2.701s] Level 1:colcon.colcon_core.package_identification:_identify(action_tutorials) by extension 'python'
[2.701s] Level 1:colcon.colcon_core.package_identification:_identify(action_tutorials) by extensions ['python_setup_py']
[2.701s] Level 1:colcon.colcon_core.package_identification:_identify(action_tutorials) by extension 'python_setup_py'
[2.701s] Level 1:colcon.colcon_core.package_identification:_identify(action_tutorials/action_tutorials_cpp) by extensions ['ignore', 'ignore_ament_install']
[2.701s] Level 1:colcon.colcon_core.package_identification:_identify(action_tutorials/action_tutorials_cpp) by extension 'ignore'
[2.701s] Level 1:colcon.colcon_core.package_identification:_identify(action_tutorials/action_tutorials_cpp) by extension 'ignore_ament_install'
[2.701s] Level 1:colcon.colcon_core.package_identification:_identify(action_tutorials/action_tutorials_cpp) by extensions ['colcon_pkg']
[2.701s] Level 1:colcon.colcon_core.package_identification:_identify(action_tutorials/action_tutorials_cpp) by extension 'colcon_pkg'
[2.701s] Level 1:colcon.colcon_core.package_identification:_identify(action_tutorials/action_tutorials_cpp) by extensions ['colcon_meta']
[2.701s] Level 1:colcon.colcon_core.package_identification:_identify(action_tutorials/action_tutorials_cpp) by extension 'colcon_meta'
[2.701s] Level 1:colcon.colcon_core.package_identification:_identify(action_tutorials/action_tutorials_cpp) by extensions ['ros']
[2.701s] Level 1:colcon.colcon_core.package_identification:_identify(action_tutorials/action_tutorials_cpp) by extension 'ros'
[2.732s] DEBUG:colcon.colcon_core.package_identification:Package 'action_tutorials/action_tutorials_cpp' with type 'ros.ament_cmake' and name 'action_tutorials_cpp'
[2.732s] Level 1:colcon.colcon_core.package_identification:_identify(action_tutorials/action_tutorials_interfaces) by extensions ['ignore', 'ignore_ament_install']
[2.732s] Level 1:colcon.colcon_core.package_identification:_identify(action_tutorials/action_tutorials_interfaces) by extension 'ignore'
[2.732s] Level 1:colcon.colcon_core.package_identification:_identify(action_tutorials/action_tutorials_interfaces) by extension 'ignore_ament_install'
[2.732s] Level 1:colcon.colcon_core.package_identification:_identify(action_tutorials/action_tutorials_interfaces) by extensions ['colcon_pkg']
[2.732s] Level 1:colcon.colcon_core.package_identification:_identify(action_tutorials/action_tutorials_interfaces) by extension 'colcon_pkg'
[2.732s] Level 1:colcon.colcon_core.package_identification:_identify(action_tutorials/action_tutorials_interfaces) by extensions ['colcon_meta']
[2.732s] Level 1:colcon.colcon_core.package_identification:_identify(action_tutorials/action_tutorials_interfaces) by extension 'colcon_meta'
[2.732s] Level 1:colcon.colcon_core.package_identification:_identify(action_tutorials/action_tutorials_interfaces) by extensions ['ros']
[2.732s] Level 1:colcon.colcon_core.package_identification:_identify(action_tutorials/action_tutorials_interfaces) by extension 'ros'
[2.733s] DEBUG:colcon.colcon_core.package_identification:Package 'action_tutorials/action_tutorials_interfaces' with type 'ros.ament_cmake' and name 'action_tutorials_interfaces'
[2.733s] Level 1:colcon.colcon_core.package_identification:_identify(action_tutorials/action_tutorials_py) by extensions ['ignore', 'ignore_ament_install']
[2.733s] Level 1:colcon.colcon_core.package_identification:_identify(action_tutorials/action_tutorials_py) by extension 'ignore'
[2.733s] Level 1:colcon.colcon_core.package_identification:_identify(action_tutorials/action_tutorials_py) by extension 'ignore_ament_install'
[2.734s] Level 1:colcon.colcon_core.package_identification:_identify(action_tutorials/action_tutorials_py) by extensions ['colcon_pkg']
[2.734s] Level 1:colcon.colcon_core.package_identification:_identify(action_tutorials/action_tutorials_py) by extension 'colcon_pkg'
[2.734s] Level 1:colcon.colcon_core.package_identification:_identify(action_tutorials/action_tutorials_py) by extensions ['colcon_meta']
[2.734s] Level 1:colcon.colcon_core.package_identification:_identify(action_tutorials/action_tutorials_py) by extension 'colcon_meta'
[2.734s] Level 1:colcon.colcon_core.package_identification:_identify(action_tutorials/action_tutorials_py) by extensions ['ros']
[2.734s] Level 1:colcon.colcon_core.package_identification:_identify(action_tutorials/action_tutorials_py) by extension 'ros'
[2.738s] DEBUG:colcon.colcon_core.package_identification:Package 'action_tutorials/action_tutorials_py' with type 'ros.ament_python' and name 'action_tutorials_py'
[2.739s] Level 1:colcon.colcon_core.package_identification:_identify(build) by extensions ['ignore', 'ignore_ament_install']
[2.739s] Level 1:colcon.colcon_core.package_identification:_identify(build) by extension 'ignore'
[2.739s] Level 1:colcon.colcon_core.package_identification:_identify(build) ignored
[2.740s] Level 1:colcon.colcon_core.package_identification:_identify(composition) by extensions ['ignore', 'ignore_ament_install']
[2.740s] Level 1:colcon.colcon_core.package_identification:_identify(composition) by extension 'ignore'
[2.740s] Level 1:colcon.colcon_core.package_identification:_identify(composition) by extension 'ignore_ament_install'
[2.741s] Level 1:colcon.colcon_core.package_identification:_identify(composition) by extensions ['colcon_pkg']
[2.741s] Level 1:colcon.colcon_core.package_identification:_identify(composition) by extension 'colcon_pkg'
[2.741s] Level 1:colcon.colcon_core.package_identification:_identify(composition) by extensions ['colcon_meta']
[2.741s] Level 1:colcon.colcon_core.package_identification:_identify(composition) by extension 'colcon_meta'
[2.741s] Level 1:colcon.colcon_core.package_identification:_identify(composition) by extensions ['ros']
[2.742s] Level 1:colcon.colcon_core.package_identification:_identify(composition) by extension 'ros'
[2.745s] DEBUG:colcon.colcon_core.package_identification:Package 'composition' with type 'ros.ament_cmake' and name 'composition'
[2.746s] Level 1:colcon.colcon_core.package_identification:_identify(demo_nodes_cpp) by extensions ['ignore', 'ignore_ament_install']
[2.746s] Level 1:colcon.colcon_core.package_identification:_identify(demo_nodes_cpp) by extension 'ignore'
[2.746s] Level 1:colcon.colcon_core.package_identification:_identify(demo_nodes_cpp) by extension 'ignore_ament_install'
[2.746s] Level 1:colcon.colcon_core.package_identification:_identify(demo_nodes_cpp) by extensions ['colcon_pkg']
[2.747s] Level 1:colcon.colcon_core.package_identification:_identify(demo_nodes_cpp) by extension 'colcon_pkg'
[2.747s] Level 1:colcon.colcon_core.package_identification:_identify(demo_nodes_cpp) by extensions ['colcon_meta']
[2.747s] Level 1:colcon.colcon_core.package_identification:_identify(demo_nodes_cpp) by extension 'colcon_meta'
[2.747s] Level 1:colcon.colcon_core.package_identification:_identify(demo_nodes_cpp) by extensions ['ros']
[2.747s] Level 1:colcon.colcon_core.package_identification:_identify(demo_nodes_cpp) by extension 'ros'
[2.751s] DEBUG:colcon.colcon_core.package_identification:Package 'demo_nodes_cpp' with type 'ros.ament_cmake' and name 'demo_nodes_cpp'
[2.751s] Level 1:colcon.colcon_core.package_identification:_identify(demo_nodes_cpp_native) by extensions ['ignore', 'ignore_ament_install']
[2.752s] Level 1:colcon.colcon_core.package_identification:_identify(demo_nodes_cpp_native) by extension 'ignore'
[2.752s] Level 1:colcon.colcon_core.package_identification:_identify(demo_nodes_cpp_native) by extension 'ignore_ament_install'
[2.752s] Level 1:colcon.colcon_core.package_identification:_identify(demo_nodes_cpp_native) by extensions ['colcon_pkg']
[2.752s] Level 1:colcon.colcon_core.package_identification:_identify(demo_nodes_cpp_native) by extension 'colcon_pkg'
[2.752s] Level 1:colcon.colcon_core.package_identification:_identify(demo_nodes_cpp_native) by extensions ['colcon_meta']
[2.753s] Level 1:colcon.colcon_core.package_identification:_identify(demo_nodes_cpp_native) by extension 'colcon_meta'
[2.753s] Level 1:colcon.colcon_core.package_identification:_identify(demo_nodes_cpp_native) by extensions ['ros']
[2.753s] Level 1:colcon.colcon_core.package_identification:_identify(demo_nodes_cpp_native) by extension 'ros'
[2.756s] DEBUG:colcon.colcon_core.package_identification:Package 'demo_nodes_cpp_native' with type 'ros.ament_cmake' and name 'demo_nodes_cpp_native'
[2.757s] Level 1:colcon.colcon_core.package_identification:_identify(demo_nodes_py) by extensions ['ignore', 'ignore_ament_install']
[2.757s] Level 1:colcon.colcon_core.package_identification:_identify(demo_nodes_py) by extension 'ignore'
[2.757s] Level 1:colcon.colcon_core.package_identification:_identify(demo_nodes_py) by extension 'ignore_ament_install'
[2.757s] Level 1:colcon.colcon_core.package_identification:_identify(demo_nodes_py) by extensions ['colcon_pkg']
[2.757s] Level 1:colcon.colcon_core.package_identification:_identify(demo_nodes_py) by extension 'colcon_pkg'
[2.758s] Level 1:colcon.colcon_core.package_identification:_identify(demo_nodes_py) by extensions ['colcon_meta']
[2.758s] Level 1:colcon.colcon_core.package_identification:_identify(demo_nodes_py) by extension 'colcon_meta'
[2.758s] Level 1:colcon.colcon_core.package_identification:_identify(demo_nodes_py) by extensions ['ros']
[2.758s] Level 1:colcon.colcon_core.package_identification:_identify(demo_nodes_py) by extension 'ros'
[2.760s] DEBUG:colcon.colcon_core.package_identification:Package 'demo_nodes_py' with type 'ros.ament_python' and name 'demo_nodes_py'
[2.760s] Level 1:colcon.colcon_core.package_identification:_identify(dummy_robot) by extensions ['ignore', 'ignore_ament_install']
[2.760s] Level 1:colcon.colcon_core.package_identification:_identify(dummy_robot) by extension 'ignore'
[2.760s] Level 1:colcon.colcon_core.package_identification:_identify(dummy_robot) by extension 'ignore_ament_install'
[2.761s] Level 1:colcon.colcon_core.package_identification:_identify(dummy_robot) by extensions ['colcon_pkg']
[2.761s] Level 1:colcon.colcon_core.package_identification:_identify(dummy_robot) by extension 'colcon_pkg'
[2.761s] Level 1:colcon.colcon_core.package_identification:_identify(dummy_robot) by extensions ['colcon_meta']
[2.761s] Level 1:colcon.colcon_core.package_identification:_identify(dummy_robot) by extension 'colcon_meta'
[2.761s] Level 1:colcon.colcon_core.package_identification:_identify(dummy_robot) by extensions ['ros']
[2.761s] Level 1:colcon.colcon_core.package_identification:_identify(dummy_robot) by extension 'ros'
[2.761s] Level 1:colcon.colcon_core.package_identification:_identify(dummy_robot) by extensions ['cmake', 'python']
[2.761s] Level 1:colcon.colcon_core.package_identification:_identify(dummy_robot) by extension 'cmake'
[2.761s] Level 1:colcon.colcon_core.package_identification:_identify(dummy_robot) by extension 'python'
[2.761s] Level 1:colcon.colcon_core.package_identification:_identify(dummy_robot) by extensions ['python_setup_py']
[2.761s] Level 1:colcon.colcon_core.package_identification:_identify(dummy_robot) by extension 'python_setup_py'
[2.762s] Level 1:colcon.colcon_core.package_identification:_identify(dummy_robot/dummy_map_server) by extensions ['ignore', 'ignore_ament_install']
[2.762s] Level 1:colcon.colcon_core.package_identification:_identify(dummy_robot/dummy_map_server) by extension 'ignore'
[2.762s] Level 1:colcon.colcon_core.package_identification:_identify(dummy_robot/dummy_map_server) by extension 'ignore_ament_install'
[2.762s] Level 1:colcon.colcon_core.package_identification:_identify(dummy_robot/dummy_map_server) by extensions ['colcon_pkg']
[2.762s] Level 1:colcon.colcon_core.package_identification:_identify(dummy_robot/dummy_map_server) by extension 'colcon_pkg'
[2.762s] Level 1:colcon.colcon_core.package_identification:_identify(dummy_robot/dummy_map_server) by extensions ['colcon_meta']
[2.762s] Level 1:colcon.colcon_core.package_identification:_identify(dummy_robot/dummy_map_server) by extension 'colcon_meta'
[2.762s] Level 1:colcon.colcon_core.package_identification:_identify(dummy_robot/dummy_map_server) by extensions ['ros']
[2.763s] Level 1:colcon.colcon_core.package_identification:_identify(dummy_robot/dummy_map_server) by extension 'ros'
[2.769s] DEBUG:colcon.colcon_core.package_identification:Package 'dummy_robot/dummy_map_server' with type 'ros.ament_cmake' and name 'dummy_map_server'
[2.769s] Level 1:colcon.colcon_core.package_identification:_identify(dummy_robot/dummy_robot_bringup) by extensions ['ignore', 'ignore_ament_install']
[2.769s] Level 1:colcon.colcon_core.package_identification:_identify(dummy_robot/dummy_robot_bringup) by extension 'ignore'
[2.770s] Level 1:colcon.colcon_core.package_identification:_identify(dummy_robot/dummy_robot_bringup) by extension 'ignore_ament_install'
[2.770s] Level 1:colcon.colcon_core.package_identification:_identify(dummy_robot/dummy_robot_bringup) by extensions ['colcon_pkg']
[2.770s] Level 1:colcon.colcon_core.package_identification:_identify(dummy_robot/dummy_robot_bringup) by extension 'colcon_pkg'
[2.770s] Level 1:colcon.colcon_core.package_identification:_identify(dummy_robot/dummy_robot_bringup) by extensions ['colcon_meta']
[2.770s] Level 1:colcon.colcon_core.package_identification:_identify(dummy_robot/dummy_robot_bringup) by extension 'colcon_meta'
[2.770s] Level 1:colcon.colcon_core.package_identification:_identify(dummy_robot/dummy_robot_bringup) by extensions ['ros']
[2.770s] Level 1:colcon.colcon_core.package_identification:_identify(dummy_robot/dummy_robot_bringup) by extension 'ros'
[2.771s] DEBUG:colcon.colcon_core.package_identification:Package 'dummy_robot/dummy_robot_bringup' with type 'ros.ament_cmake' and name 'dummy_robot_bringup'
[2.772s] Level 1:colcon.colcon_core.package_identification:_identify(dummy_robot/dummy_sensors) by extensions ['ignore', 'ignore_ament_install']
[2.772s] Level 1:colcon.colcon_core.package_identification:_identify(dummy_robot/dummy_sensors) by extension 'ignore'
[2.772s] Level 1:colcon.colcon_core.package_identification:_identify(dummy_robot/dummy_sensors) by extension 'ignore_ament_install'
[2.772s] Level 1:colcon.colcon_core.package_identification:_identify(dummy_robot/dummy_sensors) by extensions ['colcon_pkg']
[2.772s] Level 1:colcon.colcon_core.package_identification:_identify(dummy_robot/dummy_sensors) by extension 'colcon_pkg'
[2.772s] Level 1:colcon.colcon_core.package_identification:_identify(dummy_robot/dummy_sensors) by extensions ['colcon_meta']
[2.772s] Level 1:colcon.colcon_core.package_identification:_identify(dummy_robot/dummy_sensors) by extension 'colcon_meta'
[2.772s] Level 1:colcon.colcon_core.package_identification:_identify(dummy_robot/dummy_sensors) by extensions ['ros']
[2.772s] Level 1:colcon.colcon_core.package_identification:_identify(dummy_robot/dummy_sensors) by extension 'ros'
[2.774s] DEBUG:colcon.colcon_core.package_identification:Package 'dummy_robot/dummy_sensors' with type 'ros.ament_cmake' and name 'dummy_sensors'
[2.774s] Level 1:colcon.colcon_core.package_identification:_identify(image_tools) by extensions ['ignore', 'ignore_ament_install']
[2.774s] Level 1:colcon.colcon_core.package_identification:_identify(image_tools) by extension 'ignore'
[2.774s] Level 1:colcon.colcon_core.package_identification:_identify(image_tools) by extension 'ignore_ament_install'
[2.774s] Level 1:colcon.colcon_core.package_identification:_identify(image_tools) by extensions ['colcon_pkg']
[2.774s] Level 1:colcon.colcon_core.package_identification:_identify(image_tools) by extension 'colcon_pkg'
[2.774s] Level 1:colcon.colcon_core.package_identification:_identify(image_tools) by extensions ['colcon_meta']
[2.775s] Level 1:colcon.colcon_core.package_identification:_identify(image_tools) by extension 'colcon_meta'
[2.775s] Level 1:colcon.colcon_core.package_identification:_identify(image_tools) by extensions ['ros']
[2.775s] Level 1:colcon.colcon_core.package_identification:_identify(image_tools) by extension 'ros'
[2.776s] DEBUG:colcon.colcon_core.package_identification:Package 'image_tools' with type 'ros.ament_cmake' and name 'image_tools'
[2.776s] Level 1:colcon.colcon_core.package_identification:_identify(install) by extensions ['ignore', 'ignore_ament_install']
[2.776s] Level 1:colcon.colcon_core.package_identification:_identify(install) by extension 'ignore'
[2.776s] Level 1:colcon.colcon_core.package_identification:_identify(install) ignored
[2.777s] Level 1:colcon.colcon_core.package_identification:_identify(intra_process_demo) by extensions ['ignore', 'ignore_ament_install']
[2.777s] Level 1:colcon.colcon_core.package_identification:_identify(intra_process_demo) by extension 'ignore'
[2.777s] Level 1:colcon.colcon_core.package_identification:_identify(intra_process_demo) by extension 'ignore_ament_install'
[2.777s] Level 1:colcon.colcon_core.package_identification:_identify(intra_process_demo) by extensions ['colcon_pkg']
[2.777s] Level 1:colcon.colcon_core.package_identification:_identify(intra_process_demo) by extension 'colcon_pkg'
[2.777s] Level 1:colcon.colcon_core.package_identification:_identify(intra_process_demo) by extensions ['colcon_meta']
[2.777s] Level 1:colcon.colcon_core.package_identification:_identify(intra_process_demo) by extension 'colcon_meta'
[2.777s] Level 1:colcon.colcon_core.package_identification:_identify(intra_process_demo) by extensions ['ros']
[2.777s] Level 1:colcon.colcon_core.package_identification:_identify(intra_process_demo) by extension 'ros'
[2.835s] DEBUG:colcon.colcon_core.package_identification:Package 'intra_process_demo' with type 'ros.ament_cmake' and name 'intra_process_demo'
[2.835s] Level 1:colcon.colcon_core.package_identification:_identify(lifecycle) by extensions ['ignore', 'ignore_ament_install']
[2.836s] Level 1:colcon.colcon_core.package_identification:_identify(lifecycle) by extension 'ignore'
[2.836s] Level 1:colcon.colcon_core.package_identification:_identify(lifecycle) by extension 'ignore_ament_install'
[2.836s] Level 1:colcon.colcon_core.package_identification:_identify(lifecycle) by extensions ['colcon_pkg']
[2.836s] Level 1:colcon.colcon_core.package_identification:_identify(lifecycle) by extension 'colcon_pkg'
[2.836s] Level 1:colcon.colcon_core.package_identification:_identify(lifecycle) by extensions ['colcon_meta']
[2.837s] Level 1:colcon.colcon_core.package_identification:_identify(lifecycle) by extension 'colcon_meta'
[2.837s] Level 1:colcon.colcon_core.package_identification:_identify(lifecycle) by extensions ['ros']
[2.837s] Level 1:colcon.colcon_core.package_identification:_identify(lifecycle) by extension 'ros'
[2.840s] DEBUG:colcon.colcon_core.package_identification:Package 'lifecycle' with type 'ros.ament_cmake' and name 'lifecycle'
[2.841s] Level 1:colcon.colcon_core.package_identification:_identify(lifecycle_py) by extensions ['ignore', 'ignore_ament_install']
[2.841s] Level 1:colcon.colcon_core.package_identification:_identify(lifecycle_py) by extension 'ignore'
[2.841s] Level 1:colcon.colcon_core.package_identification:_identify(lifecycle_py) by extension 'ignore_ament_install'
[2.841s] Level 1:colcon.colcon_core.package_identification:_identify(lifecycle_py) by extensions ['colcon_pkg']
[2.842s] Level 1:colcon.colcon_core.package_identification:_identify(lifecycle_py) by extension 'colcon_pkg'
[2.842s] Level 1:colcon.colcon_core.package_identification:_identify(lifecycle_py) by extensions ['colcon_meta']
[2.842s] Level 1:colcon.colcon_core.package_identification:_identify(lifecycle_py) by extension 'colcon_meta'
[2.842s] Level 1:colcon.colcon_core.package_identification:_identify(lifecycle_py) by extensions ['ros']
[2.842s] Level 1:colcon.colcon_core.package_identification:_identify(lifecycle_py) by extension 'ros'
[2.896s] DEBUG:colcon.colcon_core.package_identification:Package 'lifecycle_py' with type 'ros.ament_python' and name 'lifecycle_py'
[2.896s] Level 1:colcon.colcon_core.package_identification:_identify(log) by extensions ['ignore', 'ignore_ament_install']
[2.897s] Level 1:colcon.colcon_core.package_identification:_identify(log) by extension 'ignore'
[2.897s] Level 1:colcon.colcon_core.package_identification:_identify(log) ignored
[2.897s] Level 1:colcon.colcon_core.package_identification:_identify(logging_demo) by extensions ['ignore', 'ignore_ament_install']
[2.897s] Level 1:colcon.colcon_core.package_identification:_identify(logging_demo) by extension 'ignore'
[2.898s] Level 1:colcon.colcon_core.package_identification:_identify(logging_demo) by extension 'ignore_ament_install'
[2.898s] Level 1:colcon.colcon_core.package_identification:_identify(logging_demo) by extensions ['colcon_pkg']
[2.898s] Level 1:colcon.colcon_core.package_identification:_identify(logging_demo) by extension 'colcon_pkg'
[2.898s] Level 1:colcon.colcon_core.package_identification:_identify(logging_demo) by extensions ['colcon_meta']
[2.898s] Level 1:colcon.colcon_core.package_identification:_identify(logging_demo) by extension 'colcon_meta'
[2.899s] Level 1:colcon.colcon_core.package_identification:_identify(logging_demo) by extensions ['ros']
[2.899s] Level 1:colcon.colcon_core.package_identification:_identify(logging_demo) by extension 'ros'
[2.902s] DEBUG:colcon.colcon_core.package_identification:Package 'logging_demo' with type 'ros.ament_cmake' and name 'logging_demo'
[2.903s] Level 1:colcon.colcon_core.package_identification:_identify(pendulum_control) by extensions ['ignore', 'ignore_ament_install']
[2.903s] Level 1:colcon.colcon_core.package_identification:_identify(pendulum_control) by extension 'ignore'
[2.903s] Level 1:colcon.colcon_core.package_identification:_identify(pendulum_control) by extension 'ignore_ament_install'
[2.904s] Level 1:colcon.colcon_core.package_identification:_identify(pendulum_control) by extensions ['colcon_pkg']
[2.904s] Level 1:colcon.colcon_core.package_identification:_identify(pendulum_control) by extension 'colcon_pkg'
[2.904s] Level 1:colcon.colcon_core.package_identification:_identify(pendulum_control) by extensions ['colcon_meta']
[2.904s] Level 1:colcon.colcon_core.package_identification:_identify(pendulum_control) by extension 'colcon_meta'
[2.904s] Level 1:colcon.colcon_core.package_identification:_identify(pendulum_control) by extensions ['ros']
[2.904s] Level 1:colcon.colcon_core.package_identification:_identify(pendulum_control) by extension 'ros'
[2.908s] DEBUG:colcon.colcon_core.package_identification:Package 'pendulum_control' with type 'ros.ament_cmake' and name 'pendulum_control'
[2.909s] Level 1:colcon.colcon_core.package_identification:_identify(pendulum_msgs) by extensions ['ignore', 'ignore_ament_install']
[2.909s] Level 1:colcon.colcon_core.package_identification:_identify(pendulum_msgs) by extension 'ignore'
[2.909s] Level 1:colcon.colcon_core.package_identification:_identify(pendulum_msgs) by extension 'ignore_ament_install'
[2.909s] Level 1:colcon.colcon_core.package_identification:_identify(pendulum_msgs) by extensions ['colcon_pkg']
[2.910s] Level 1:colcon.colcon_core.package_identification:_identify(pendulum_msgs) by extension 'colcon_pkg'
[2.910s] Level 1:colcon.colcon_core.package_identification:_identify(pendulum_msgs) by extensions ['colcon_meta']
[2.910s] Level 1:colcon.colcon_core.package_identification:_identify(pendulum_msgs) by extension 'colcon_meta'
[2.910s] Level 1:colcon.colcon_core.package_identification:_identify(pendulum_msgs) by extensions ['ros']
[2.910s] Level 1:colcon.colcon_core.package_identification:_identify(pendulum_msgs) by extension 'ros'
[2.913s] DEBUG:colcon.colcon_core.package_identification:Package 'pendulum_msgs' with type 'ros.ament_cmake' and name 'pendulum_msgs'
[2.913s] Level 1:colcon.colcon_core.package_identification:_identify(quality_of_service_demo) by extensions ['ignore', 'ignore_ament_install']
[2.913s] Level 1:colcon.colcon_core.package_identification:_identify(quality_of_service_demo) by extension 'ignore'
[2.914s] Level 1:colcon.colcon_core.package_identification:_identify(quality_of_service_demo) by extension 'ignore_ament_install'
[2.914s] Level 1:colcon.colcon_core.package_identification:_identify(quality_of_service_demo) by extensions ['colcon_pkg']
[2.914s] Level 1:colcon.colcon_core.package_identification:_identify(quality_of_service_demo) by extension 'colcon_pkg'
[2.914s] Level 1:colcon.colcon_core.package_identification:_identify(quality_of_service_demo) by extensions ['colcon_meta']
[2.914s] Level 1:colcon.colcon_core.package_identification:_identify(quality_of_service_demo) by extension 'colcon_meta'
[2.915s] Level 1:colcon.colcon_core.package_identification:_identify(quality_of_service_demo) by extensions ['ros']
[2.915s] Level 1:colcon.colcon_core.package_identification:_identify(quality_of_service_demo) by extension 'ros'
[2.915s] Level 1:colcon.colcon_core.package_identification:_identify(quality_of_service_demo) by extensions ['cmake', 'python']
[2.915s] Level 1:colcon.colcon_core.package_identification:_identify(quality_of_service_demo) by extension 'cmake'
[2.915s] Level 1:colcon.colcon_core.package_identification:_identify(quality_of_service_demo) by extension 'python'
[2.916s] Level 1:colcon.colcon_core.package_identification:_identify(quality_of_service_demo) by extensions ['python_setup_py']
[2.916s] Level 1:colcon.colcon_core.package_identification:_identify(quality_of_service_demo) by extension 'python_setup_py'
[2.916s] Level 1:colcon.colcon_core.package_identification:_identify(quality_of_service_demo/rclcpp) by extensions ['ignore', 'ignore_ament_install']
[2.917s] Level 1:colcon.colcon_core.package_identification:_identify(quality_of_service_demo/rclcpp) by extension 'ignore'
[2.917s] Level 1:colcon.colcon_core.package_identification:_identify(quality_of_service_demo/rclcpp) by extension 'ignore_ament_install'
[2.917s] Level 1:colcon.colcon_core.package_identification:_identify(quality_of_service_demo/rclcpp) by extensions ['colcon_pkg']
[2.917s] Level 1:colcon.colcon_core.package_identification:_identify(quality_of_service_demo/rclcpp) by extension 'colcon_pkg'
[2.917s] Level 1:colcon.colcon_core.package_identification:_identify(quality_of_service_demo/rclcpp) by extensions ['colcon_meta']
[2.917s] Level 1:colcon.colcon_core.package_identification:_identify(quality_of_service_demo/rclcpp) by extension 'colcon_meta'
[2.918s] Level 1:colcon.colcon_core.package_identification:_identify(quality_of_service_demo/rclcpp) by extensions ['ros']
[2.918s] Level 1:colcon.colcon_core.package_identification:_identify(quality_of_service_demo/rclcpp) by extension 'ros'
[2.921s] DEBUG:colcon.colcon_core.package_identification:Package 'quality_of_service_demo/rclcpp' with type 'ros.ament_cmake' and name 'quality_of_service_demo_cpp'
[2.922s] Level 1:colcon.colcon_core.package_identification:_identify(quality_of_service_demo/rclpy) by extensions ['ignore', 'ignore_ament_install']
[2.922s] Level 1:colcon.colcon_core.package_identification:_identify(quality_of_service_demo/rclpy) by extension 'ignore'
[2.922s] Level 1:colcon.colcon_core.package_identification:_identify(quality_of_service_demo/rclpy) by extension 'ignore_ament_install'
[2.922s] Level 1:colcon.colcon_core.package_identification:_identify(quality_of_service_demo/rclpy) by extensions ['colcon_pkg']
[2.923s] Level 1:colcon.colcon_core.package_identification:_identify(quality_of_service_demo/rclpy) by extension 'colcon_pkg'
[2.923s] Level 1:colcon.colcon_core.package_identification:_identify(quality_of_service_demo/rclpy) by extensions ['colcon_meta']
[2.923s] Level 1:colcon.colcon_core.package_identification:_identify(quality_of_service_demo/rclpy) by extension 'colcon_meta'
[2.923s] Level 1:colcon.colcon_core.package_identification:_identify(quality_of_service_demo/rclpy) by extensions ['ros']
[2.923s] Level 1:colcon.colcon_core.package_identification:_identify(quality_of_service_demo/rclpy) by extension 'ros'
[2.928s] DEBUG:colcon.colcon_core.package_identification:Package 'quality_of_service_demo/rclpy' with type 'ros.ament_python' and name 'quality_of_service_demo_py'
[2.928s] Level 1:colcon.colcon_core.package_identification:_identify(topic_monitor) by extensions ['ignore', 'ignore_ament_install']
[2.928s] Level 1:colcon.colcon_core.package_identification:_identify(topic_monitor) by extension 'ignore'
[2.928s] Level 1:colcon.colcon_core.package_identification:_identify(topic_monitor) by extension 'ignore_ament_install'
[2.929s] Level 1:colcon.colcon_core.package_identification:_identify(topic_monitor) by extensions ['colcon_pkg']
[2.929s] Level 1:colcon.colcon_core.package_identification:_identify(topic_monitor) by extension 'colcon_pkg'
[2.929s] Level 1:colcon.colcon_core.package_identification:_identify(topic_monitor) by extensions ['colcon_meta']
[2.929s] Level 1:colcon.colcon_core.package_identification:_identify(topic_monitor) by extension 'colcon_meta'
[2.929s] Level 1:colcon.colcon_core.package_identification:_identify(topic_monitor) by extensions ['ros']
[2.929s] Level 1:colcon.colcon_core.package_identification:_identify(topic_monitor) by extension 'ros'
[2.931s] DEBUG:colcon.colcon_core.package_identification:Package 'topic_monitor' with type 'ros.ament_python' and name 'topic_monitor'
[2.931s] Level 1:colcon.colcon_core.package_identification:_identify(topic_statistics_demo) by extensions ['ignore', 'ignore_ament_install']
[2.931s] Level 1:colcon.colcon_core.package_identification:_identify(topic_statistics_demo) by extension 'ignore'
[2.931s] Level 1:colcon.colcon_core.package_identification:_identify(topic_statistics_demo) by extension 'ignore_ament_install'
[2.932s] Level 1:colcon.colcon_core.package_identification:_identify(topic_statistics_demo) by extensions ['colcon_pkg']
[2.932s] Level 1:colcon.colcon_core.package_identification:_identify(topic_statistics_demo) by extension 'colcon_pkg'
[2.932s] Level 1:colcon.colcon_core.package_identification:_identify(topic_statistics_demo) by extensions ['colcon_meta']
[2.932s] Level 1:colcon.colcon_core.package_identification:_identify(topic_statistics_demo) by extension 'colcon_meta'
[2.932s] Level 1:colcon.colcon_core.package_identification:_identify(topic_statistics_demo) by extensions ['ros']
[2.932s] Level 1:colcon.colcon_core.package_identification:_identify(topic_statistics_demo) by extension 'ros'
[2.933s] DEBUG:colcon.colcon_core.package_identification:Package 'topic_statistics_demo' with type 'ros.ament_cmake' and name 'topic_statistics_demo'
[2.934s] Level 1:colcon.colcon_core.package_discovery:discover_packages(recursive) using defaults
[2.934s] Level 1:colcon.colcon_core.package_discovery:discover_packages(ignore) discover
[2.934s] Level 1:colcon.colcon_core.package_discovery:discover_packages(ignore) using defaults
[2.934s] Level 1:colcon.colcon_core.package_discovery:discover_packages(path) discover
[2.934s] Level 1:colcon.colcon_core.package_discovery:discover_packages(path) using defaults
[2.986s] INFO:colcon.colcon_core.package_selection:Skipping not selected package 'action_tutorials_interfaces' in 'action_tutorials/action_tutorials_interfaces'
[2.986s] INFO:colcon.colcon_core.package_selection:Skipping not selected package 'composition' in 'composition'
[2.986s] INFO:colcon.colcon_core.package_selection:Skipping not selected package 'demo_nodes_cpp' in 'demo_nodes_cpp'
[2.986s] INFO:colcon.colcon_core.package_selection:Skipping not selected package 'demo_nodes_cpp_native' in 'demo_nodes_cpp_native'
[2.986s] INFO:colcon.colcon_core.package_selection:Skipping not selected package 'demo_nodes_py' in 'demo_nodes_py'
[2.986s] INFO:colcon.colcon_core.package_selection:Skipping not selected package 'dummy_map_server' in 'dummy_robot/dummy_map_server'
[2.986s] INFO:colcon.colcon_core.package_selection:Skipping not selected package 'dummy_sensors' in 'dummy_robot/dummy_sensors'
[2.986s] INFO:colcon.colcon_core.package_selection:Skipping not selected package 'image_tools' in 'image_tools'
[2.986s] INFO:colcon.colcon_core.package_selection:Skipping not selected package 'lifecycle' in 'lifecycle'
[2.986s] INFO:colcon.colcon_core.package_selection:Skipping not selected package 'logging_demo' in 'logging_demo'
[2.986s] INFO:colcon.colcon_core.package_selection:Skipping not selected package 'pendulum_msgs' in 'pendulum_msgs'
[2.986s] INFO:colcon.colcon_core.package_selection:Skipping not selected package 'quality_of_service_demo_cpp' in 'quality_of_service_demo/rclcpp'
[2.986s] INFO:colcon.colcon_core.package_selection:Skipping not selected package 'quality_of_service_demo_py' in 'quality_of_service_demo/rclpy'
[2.986s] INFO:colcon.colcon_core.package_selection:Skipping not selected package 'topic_monitor' in 'topic_monitor'
[2.986s] INFO:colcon.colcon_core.package_selection:Skipping not selected package 'topic_statistics_demo' in 'topic_statistics_demo'
[2.986s] INFO:colcon.colcon_core.package_selection:Skipping not selected package 'action_tutorials_cpp' in 'action_tutorials/action_tutorials_cpp'
[2.986s] INFO:colcon.colcon_core.package_selection:Skipping not selected package 'action_tutorials_py' in 'action_tutorials/action_tutorials_py'
[2.986s] INFO:colcon.colcon_core.package_selection:Skipping not selected package 'dummy_robot_bringup' in 'dummy_robot/dummy_robot_bringup'
[2.986s] INFO:colcon.colcon_core.package_selection:Skipping not selected package 'lifecycle_py' in 'lifecycle_py'
[2.986s] INFO:colcon.colcon_core.package_selection:Skipping not selected package 'pendulum_control' in 'pendulum_control'
[2.987s] Level 5:colcon.colcon_core.verb:set package 'intra_process_demo' build argument 'cmake_args' from command line to 'None'
[2.987s] Level 5:colcon.colcon_core.verb:set package 'intra_process_demo' build argument 'cmake_target' from command line to 'None'
[2.987s] Level 5:colcon.colcon_core.verb:set package 'intra_process_demo' build argument 'cmake_target_skip_unavailable' from command line to 'False'
[2.987s] Level 5:colcon.colcon_core.verb:set package 'intra_process_demo' build argument 'cmake_clean_cache' from command line to 'False'
[2.987s] Level 5:colcon.colcon_core.verb:set package 'intra_process_demo' build argument 'cmake_clean_first' from command line to 'False'
[2.987s] Level 5:colcon.colcon_core.verb:set package 'intra_process_demo' build argument 'cmake_force_configure' from command line to 'False'
[2.987s] Level 5:colcon.colcon_core.verb:set package 'intra_process_demo' build argument 'ament_cmake_args' from command line to 'None'
[2.987s] Level 5:colcon.colcon_core.verb:set package 'intra_process_demo' build argument 'catkin_cmake_args' from command line to 'None'
[2.987s] Level 5:colcon.colcon_core.verb:set package 'intra_process_demo' build argument 'catkin_skip_building_tests' from command line to 'False'
[2.987s] DEBUG:colcon.colcon_core.verb:Building package 'intra_process_demo' with the following arguments: {'ament_cmake_args': None, 'build_base': '/home/src/demos/build/intra_process_demo', 'catkin_cmake_args': None, 'catkin_skip_building_tests': False, 'cmake_args': None, 'cmake_clean_cache': False, 'cmake_clean_first': False, 'cmake_force_configure': False, 'cmake_target': None, 'cmake_target_skip_unavailable': False, 'install_base': '/home/src/demos/install/intra_process_demo', 'merge_install': False, 'path': '/home/src/demos/intra_process_demo', 'symlink_install': True, 'test_result_base': None}
[2.988s] INFO:colcon.colcon_core.executor:Executing jobs using 'parallel' executor
[2.994s] DEBUG:colcon.colcon_parallel_executor.executor.parallel:run_until_complete
[2.994s] INFO:colcon.colcon_ros.task.ament_cmake.build:Building ROS package in '/home/src/demos/intra_process_demo' with build type 'ament_cmake'
[2.994s] INFO:colcon.colcon_cmake.task.cmake.build:Building CMake package in '/home/src/demos/intra_process_demo'
[3.001s] INFO:colcon.colcon_core.plugin_system:Skipping extension 'colcon_core.shell.bat': Not used on non-Windows systems
[3.001s] INFO:colcon.colcon_core.shell:Skip shell extension 'powershell' for command environment: Not usable outside of PowerShell
[3.001s] DEBUG:colcon.colcon_core.shell:Skip shell extension 'dsv' for command environment
[3.045s] DEBUG:colcon.colcon_core.event_handler.log_command:Invoking command in '/home/src/demos/build/intra_process_demo': CMAKE_PREFIX_PATH=${CMAKE_PREFIX_PATH}:/home/yamasaki/ros2_rolling/install/rqt_bag_plugins:/home/yamasaki/ros2_rolling/install/rqt_bag:/home/yamasaki/ros2_rolling/install/ros2bag:/home/yamasaki/ros2_rolling/install/tracetools_test:/home/yamasaki/ros2_rolling/install/tracetools_launch:/home/yamasaki/ros2_rolling/install/topic_monitor:/home/yamasaki/ros2_rolling/install/tf2_tools:/home/yamasaki/ros2_rolling/install/examples_tf2_py:/home/yamasaki/ros2_rolling/install/tf2_ros_py:/home/yamasaki/ros2_rolling/install/examples_rclpy_pointcloud_publisher:/home/yamasaki/ros2_rolling/install/sensor_msgs_py:/home/yamasaki/ros2_rolling/install/rqt_plot:/home/yamasaki/ros2_rolling/install/quality_of_service_demo_py:/home/yamasaki/ros2_rolling/install/lifecycle_py:/home/yamasaki/ros2_rolling/install/examples_rclpy_minimal_subscriber:/home/yamasaki/ros2_rolling/install/examples_rclpy_minimal_service:/home/yamasaki/ros2_rolling/install/examples_rclpy_minimal_publisher:/home/yamasaki/ros2_rolling/install/examples_rclpy_minimal_client:/home/yamasaki/ros2_rolling/install/examples_rclpy_executors:/home/yamasaki/ros2_rolling/install/demo_nodes_py:/home/yamasaki/ros2_rolling/install/rqt:/home/yamasaki/ros2_rolling/install/ros2component:/home/yamasaki/ros2_rolling/install/sros2:/home/yamasaki/ros2_rolling/install/rqt_topic:/home/yamasaki/ros2_rolling/install/rqt_srv:/home/yamasaki/ros2_rolling/install/rqt_shell:/home/yamasaki/ros2_rolling/install/rqt_service_caller:/home/yamasaki/ros2_rolling/install/rqt_reconfigure:/home/yamasaki/ros2_rolling/install/rqt_py_console:/home/yamasaki/ros2_rolling/install/rqt_publisher:/home/yamasaki/ros2_rolling/install/rqt_action:/home/yamasaki/ros2_rolling/install/rqt_msg:/home/yamasaki/ros2_rolling/install/rqt_console:/home/yamasaki/ros2_rolling/install/rqt_graph:/home/yamasaki/ros2_rolling/install/rqt_gui_py:/home/yamasaki/ros2_rolling/install/rqt_gui:/home/yamasaki/ros2_rolling/install/ros2trace:/home/yamasaki/ros2_rolling/install/ros2topic:/home/yamasaki/ros2_rolling/install/ros2test:/home/yamasaki/ros2_rolling/install/ros2param:/home/yamasaki/ros2_rolling/install/ros2lifecycle:/home/yamasaki/ros2_rolling/install/ros2service:/home/yamasaki/ros2_rolling/install/ros2run:/home/yamasaki/ros2_rolling/install/ros2launch:/home/yamasaki/ros2_rolling/install/ros2pkg:/home/yamasaki/ros2_rolling/install/ros2node:/home/yamasaki/ros2_rolling/install/ros2multicast:/home/yamasaki/ros2_rolling/install/ros2interface:/home/yamasaki/ros2_rolling/install/ros2doctor:/home/yamasaki/ros2_rolling/install/ros2action:/home/yamasaki/ros2_rolling/install/ros2cli:/home/yamasaki/ros2_rolling/install/launch_testing_ros:/home/yamasaki/ros2_rolling/install/launch_ros:/home/yamasaki/ros2_rolling/install/examples_rclpy_minimal_action_server:/home/yamasaki/ros2_rolling/install/examples_rclpy_minimal_action_client:/home/yamasaki/ros2_rolling/install/examples_rclpy_guard_conditions:/home/yamasaki/ros2_rolling/install/action_tutorials_py:/home/yamasaki/ros2_rolling/install/ament_uncrustify:/home/yamasaki/ros2_rolling/install/tracetools_trace:/home/yamasaki/ros2_rolling/install/tracetools_read:/home/yamasaki/ros2_rolling/install/test_tracetools_launch:/home/yamasaki/ros2_rolling/install/test_launch_ros:/home/yamasaki/ros2_rolling/install/rpyutils:/home/yamasaki/ros2_rolling/install/rosidl_runtime_py:/home/yamasaki/ros2_rolling/install/rosidl_pycommon:/home/yamasaki/ros2_rolling/install/rosidl_cli:/home/yamasaki/ros2_rolling/install/launch_pytest:/home/yamasaki/ros2_rolling/install/launch_testing:/home/yamasaki/ros2_rolling/install/launch_yaml:/home/yamasaki/ros2_rolling/install/launch_xml:/home/yamasaki/ros2_rolling/install/launch:/home/yamasaki/ros2_rolling/install/osrf_pycommon:/home/yamasaki/ros2_rolling/install/launch_testing_examples:/home/yamasaki/ros2_rolling/install/domain_coordinator:/home/yamasaki/ros2_rolling/install/ament_xmllint:/home/yamasaki/ros2_rolling/install/ament_pyflakes:/home/yamasaki/ros2_rolling/install/ament_pycodestyle:/home/yamasaki/ros2_rolling/install/ament_pep257:/home/yamasaki/ros2_rolling/install/ament_pclint:/home/yamasaki/ros2_rolling/install/ament_package:/home/yamasaki/ros2_rolling/install/ament_mypy:/home/yamasaki/ros2_rolling/install/ament_lint_cmake:/home/yamasaki/ros2_rolling/install/ament_flake8:/home/yamasaki/ros2_rolling/install/ament_copyright:/home/yamasaki/ros2_rolling/install/ament_lint:/home/yamasaki/ros2_rolling/install/ament_index_python:/home/yamasaki/ros2_rolling/install/ament_cpplint:/home/yamasaki/ros2_rolling/install/ament_cppcheck:/home/yamasaki/ros2_rolling/install/ament_clang_tidy:/home/yamasaki/ros2_rolling/install/ament_clang_format /usr/bin/cmake /home/src/demos/intra_process_demo -DAMENT_CMAKE_SYMLINK_INSTALL=1 -DCMAKE_INSTALL_PREFIX=/home/src/demos/install/intra_process_demo
[8.168s] DEBUG:colcon.colcon_core.event_handler.log_command:Invoked command in '/home/src/demos/build/intra_process_demo' returned '0': CMAKE_PREFIX_PATH=${CMAKE_PREFIX_PATH}:/home/yamasaki/ros2_rolling/install/rqt_bag_plugins:/home/yamasaki/ros2_rolling/install/rqt_bag:/home/yamasaki/ros2_rolling/install/ros2bag:/home/yamasaki/ros2_rolling/install/tracetools_test:/home/yamasaki/ros2_rolling/install/tracetools_launch:/home/yamasaki/ros2_rolling/install/topic_monitor:/home/yamasaki/ros2_rolling/install/tf2_tools:/home/yamasaki/ros2_rolling/install/examples_tf2_py:/home/yamasaki/ros2_rolling/install/tf2_ros_py:/home/yamasaki/ros2_rolling/install/examples_rclpy_pointcloud_publisher:/home/yamasaki/ros2_rolling/install/sensor_msgs_py:/home/yamasaki/ros2_rolling/install/rqt_plot:/home/yamasaki/ros2_rolling/install/quality_of_service_demo_py:/home/yamasaki/ros2_rolling/install/lifecycle_py:/home/yamasaki/ros2_rolling/install/examples_rclpy_minimal_subscriber:/home/yamasaki/ros2_rolling/install/examples_rclpy_minimal_service:/home/yamasaki/ros2_rolling/install/examples_rclpy_minimal_publisher:/home/yamasaki/ros2_rolling/install/examples_rclpy_minimal_client:/home/yamasaki/ros2_rolling/install/examples_rclpy_executors:/home/yamasaki/ros2_rolling/install/demo_nodes_py:/home/yamasaki/ros2_rolling/install/rqt:/home/yamasaki/ros2_rolling/install/ros2component:/home/yamasaki/ros2_rolling/install/sros2:/home/yamasaki/ros2_rolling/install/rqt_topic:/home/yamasaki/ros2_rolling/install/rqt_srv:/home/yamasaki/ros2_rolling/install/rqt_shell:/home/yamasaki/ros2_rolling/install/rqt_service_caller:/home/yamasaki/ros2_rolling/install/rqt_reconfigure:/home/yamasaki/ros2_rolling/install/rqt_py_console:/home/yamasaki/ros2_rolling/install/rqt_publisher:/home/yamasaki/ros2_rolling/install/rqt_action:/home/yamasaki/ros2_rolling/install/rqt_msg:/home/yamasaki/ros2_rolling/install/rqt_console:/home/yamasaki/ros2_rolling/install/rqt_graph:/home/yamasaki/ros2_rolling/install/rqt_gui_py:/home/yamasaki/ros2_rolling/install/rqt_gui:/home/yamasaki/ros2_rolling/install/ros2trace:/home/yamasaki/ros2_rolling/install/ros2topic:/home/yamasaki/ros2_rolling/install/ros2test:/home/yamasaki/ros2_rolling/install/ros2param:/home/yamasaki/ros2_rolling/install/ros2lifecycle:/home/yamasaki/ros2_rolling/install/ros2service:/home/yamasaki/ros2_rolling/install/ros2run:/home/yamasaki/ros2_rolling/install/ros2launch:/home/yamasaki/ros2_rolling/install/ros2pkg:/home/yamasaki/ros2_rolling/install/ros2node:/home/yamasaki/ros2_rolling/install/ros2multicast:/home/yamasaki/ros2_rolling/install/ros2interface:/home/yamasaki/ros2_rolling/install/ros2doctor:/home/yamasaki/ros2_rolling/install/ros2action:/home/yamasaki/ros2_rolling/install/ros2cli:/home/yamasaki/ros2_rolling/install/launch_testing_ros:/home/yamasaki/ros2_rolling/install/launch_ros:/home/yamasaki/ros2_rolling/install/examples_rclpy_minimal_action_server:/home/yamasaki/ros2_rolling/install/examples_rclpy_minimal_action_client:/home/yamasaki/ros2_rolling/install/examples_rclpy_guard_conditions:/home/yamasaki/ros2_rolling/install/action_tutorials_py:/home/yamasaki/ros2_rolling/install/ament_uncrustify:/home/yamasaki/ros2_rolling/install/tracetools_trace:/home/yamasaki/ros2_rolling/install/tracetools_read:/home/yamasaki/ros2_rolling/install/test_tracetools_launch:/home/yamasaki/ros2_rolling/install/test_launch_ros:/home/yamasaki/ros2_rolling/install/rpyutils:/home/yamasaki/ros2_rolling/install/rosidl_runtime_py:/home/yamasaki/ros2_rolling/install/rosidl_pycommon:/home/yamasaki/ros2_rolling/install/rosidl_cli:/home/yamasaki/ros2_rolling/install/launch_pytest:/home/yamasaki/ros2_rolling/install/launch_testing:/home/yamasaki/ros2_rolling/install/launch_yaml:/home/yamasaki/ros2_rolling/install/launch_xml:/home/yamasaki/ros2_rolling/install/launch:/home/yamasaki/ros2_rolling/install/osrf_pycommon:/home/yamasaki/ros2_rolling/install/launch_testing_examples:/home/yamasaki/ros2_rolling/install/domain_coordinator:/home/yamasaki/ros2_rolling/install/ament_xmllint:/home/yamasaki/ros2_rolling/install/ament_pyflakes:/home/yamasaki/ros2_rolling/install/ament_pycodestyle:/home/yamasaki/ros2_rolling/install/ament_pep257:/home/yamasaki/ros2_rolling/install/ament_pclint:/home/yamasaki/ros2_rolling/install/ament_package:/home/yamasaki/ros2_rolling/install/ament_mypy:/home/yamasaki/ros2_rolling/install/ament_lint_cmake:/home/yamasaki/ros2_rolling/install/ament_flake8:/home/yamasaki/ros2_rolling/install/ament_copyright:/home/yamasaki/ros2_rolling/install/ament_lint:/home/yamasaki/ros2_rolling/install/ament_index_python:/home/yamasaki/ros2_rolling/install/ament_cpplint:/home/yamasaki/ros2_rolling/install/ament_cppcheck:/home/yamasaki/ros2_rolling/install/ament_clang_tidy:/home/yamasaki/ros2_rolling/install/ament_clang_format /usr/bin/cmake /home/src/demos/intra_process_demo -DAMENT_CMAKE_SYMLINK_INSTALL=1 -DCMAKE_INSTALL_PREFIX=/home/src/demos/install/intra_process_demo
[8.168s] DEBUG:colcon.colcon_core.event_handler.log_command:Invoking command in '/home/src/demos/build/intra_process_demo': CMAKE_PREFIX_PATH=${CMAKE_PREFIX_PATH}:/home/yamasaki/ros2_rolling/install/rqt_bag_plugins:/home/yamasaki/ros2_rolling/install/rqt_bag:/home/yamasaki/ros2_rolling/install/ros2bag:/home/yamasaki/ros2_rolling/install/tracetools_test:/home/yamasaki/ros2_rolling/install/tracetools_launch:/home/yamasaki/ros2_rolling/install/topic_monitor:/home/yamasaki/ros2_rolling/install/tf2_tools:/home/yamasaki/ros2_rolling/install/examples_tf2_py:/home/yamasaki/ros2_rolling/install/tf2_ros_py:/home/yamasaki/ros2_rolling/install/examples_rclpy_pointcloud_publisher:/home/yamasaki/ros2_rolling/install/sensor_msgs_py:/home/yamasaki/ros2_rolling/install/rqt_plot:/home/yamasaki/ros2_rolling/install/quality_of_service_demo_py:/home/yamasaki/ros2_rolling/install/lifecycle_py:/home/yamasaki/ros2_rolling/install/examples_rclpy_minimal_subscriber:/home/yamasaki/ros2_rolling/install/examples_rclpy_minimal_service:/home/yamasaki/ros2_rolling/install/examples_rclpy_minimal_publisher:/home/yamasaki/ros2_rolling/install/examples_rclpy_minimal_client:/home/yamasaki/ros2_rolling/install/examples_rclpy_executors:/home/yamasaki/ros2_rolling/install/demo_nodes_py:/home/yamasaki/ros2_rolling/install/rqt:/home/yamasaki/ros2_rolling/install/ros2component:/home/yamasaki/ros2_rolling/install/sros2:/home/yamasaki/ros2_rolling/install/rqt_topic:/home/yamasaki/ros2_rolling/install/rqt_srv:/home/yamasaki/ros2_rolling/install/rqt_shell:/home/yamasaki/ros2_rolling/install/rqt_service_caller:/home/yamasaki/ros2_rolling/install/rqt_reconfigure:/home/yamasaki/ros2_rolling/install/rqt_py_console:/home/yamasaki/ros2_rolling/install/rqt_publisher:/home/yamasaki/ros2_rolling/install/rqt_action:/home/yamasaki/ros2_rolling/install/rqt_msg:/home/yamasaki/ros2_rolling/install/rqt_console:/home/yamasaki/ros2_rolling/install/rqt_graph:/home/yamasaki/ros2_rolling/install/rqt_gui_py:/home/yamasaki/ros2_rolling/install/rqt_gui:/home/yamasaki/ros2_rolling/install/ros2trace:/home/yamasaki/ros2_rolling/install/ros2topic:/home/yamasaki/ros2_rolling/install/ros2test:/home/yamasaki/ros2_rolling/install/ros2param:/home/yamasaki/ros2_rolling/install/ros2lifecycle:/home/yamasaki/ros2_rolling/install/ros2service:/home/yamasaki/ros2_rolling/install/ros2run:/home/yamasaki/ros2_rolling/install/ros2launch:/home/yamasaki/ros2_rolling/install/ros2pkg:/home/yamasaki/ros2_rolling/install/ros2node:/home/yamasaki/ros2_rolling/install/ros2multicast:/home/yamasaki/ros2_rolling/install/ros2interface:/home/yamasaki/ros2_rolling/install/ros2doctor:/home/yamasaki/ros2_rolling/install/ros2action:/home/yamasaki/ros2_rolling/install/ros2cli:/home/yamasaki/ros2_rolling/install/launch_testing_ros:/home/yamasaki/ros2_rolling/install/launch_ros:/home/yamasaki/ros2_rolling/install/examples_rclpy_minimal_action_server:/home/yamasaki/ros2_rolling/install/examples_rclpy_minimal_action_client:/home/yamasaki/ros2_rolling/install/examples_rclpy_guard_conditions:/home/yamasaki/ros2_rolling/install/action_tutorials_py:/home/yamasaki/ros2_rolling/install/ament_uncrustify:/home/yamasaki/ros2_rolling/install/tracetools_trace:/home/yamasaki/ros2_rolling/install/tracetools_read:/home/yamasaki/ros2_rolling/install/test_tracetools_launch:/home/yamasaki/ros2_rolling/install/test_launch_ros:/home/yamasaki/ros2_rolling/install/rpyutils:/home/yamasaki/ros2_rolling/install/rosidl_runtime_py:/home/yamasaki/ros2_rolling/install/rosidl_pycommon:/home/yamasaki/ros2_rolling/install/rosidl_cli:/home/yamasaki/ros2_rolling/install/launch_pytest:/home/yamasaki/ros2_rolling/install/launch_testing:/home/yamasaki/ros2_rolling/install/launch_yaml:/home/yamasaki/ros2_rolling/install/launch_xml:/home/yamasaki/ros2_rolling/install/launch:/home/yamasaki/ros2_rolling/install/osrf_pycommon:/home/yamasaki/ros2_rolling/install/launch_testing_examples:/home/yamasaki/ros2_rolling/install/domain_coordinator:/home/yamasaki/ros2_rolling/install/ament_xmllint:/home/yamasaki/ros2_rolling/install/ament_pyflakes:/home/yamasaki/ros2_rolling/install/ament_pycodestyle:/home/yamasaki/ros2_rolling/install/ament_pep257:/home/yamasaki/ros2_rolling/install/ament_pclint:/home/yamasaki/ros2_rolling/install/ament_package:/home/yamasaki/ros2_rolling/install/ament_mypy:/home/yamasaki/ros2_rolling/install/ament_lint_cmake:/home/yamasaki/ros2_rolling/install/ament_flake8:/home/yamasaki/ros2_rolling/install/ament_copyright:/home/yamasaki/ros2_rolling/install/ament_lint:/home/yamasaki/ros2_rolling/install/ament_index_python:/home/yamasaki/ros2_rolling/install/ament_cpplint:/home/yamasaki/ros2_rolling/install/ament_cppcheck:/home/yamasaki/ros2_rolling/install/ament_clang_tidy:/home/yamasaki/ros2_rolling/install/ament_clang_format /usr/bin/cmake --build /home/src/demos/build/intra_process_demo -- -j12 -l12
[21.105s] DEBUG:colcon.colcon_core.event_handler.log_command:Invoked command in '/home/src/demos/build/intra_process_demo' returned '0': CMAKE_PREFIX_PATH=${CMAKE_PREFIX_PATH}:/home/yamasaki/ros2_rolling/install/rqt_bag_plugins:/home/yamasaki/ros2_rolling/install/rqt_bag:/home/yamasaki/ros2_rolling/install/ros2bag:/home/yamasaki/ros2_rolling/install/tracetools_test:/home/yamasaki/ros2_rolling/install/tracetools_launch:/home/yamasaki/ros2_rolling/install/topic_monitor:/home/yamasaki/ros2_rolling/install/tf2_tools:/home/yamasaki/ros2_rolling/install/examples_tf2_py:/home/yamasaki/ros2_rolling/install/tf2_ros_py:/home/yamasaki/ros2_rolling/install/examples_rclpy_pointcloud_publisher:/home/yamasaki/ros2_rolling/install/sensor_msgs_py:/home/yamasaki/ros2_rolling/install/rqt_plot:/home/yamasaki/ros2_rolling/install/quality_of_service_demo_py:/home/yamasaki/ros2_rolling/install/lifecycle_py:/home/yamasaki/ros2_rolling/install/examples_rclpy_minimal_subscriber:/home/yamasaki/ros2_rolling/install/examples_rclpy_minimal_service:/home/yamasaki/ros2_rolling/install/examples_rclpy_minimal_publisher:/home/yamasaki/ros2_rolling/install/examples_rclpy_minimal_client:/home/yamasaki/ros2_rolling/install/examples_rclpy_executors:/home/yamasaki/ros2_rolling/install/demo_nodes_py:/home/yamasaki/ros2_rolling/install/rqt:/home/yamasaki/ros2_rolling/install/ros2component:/home/yamasaki/ros2_rolling/install/sros2:/home/yamasaki/ros2_rolling/install/rqt_topic:/home/yamasaki/ros2_rolling/install/rqt_srv:/home/yamasaki/ros2_rolling/install/rqt_shell:/home/yamasaki/ros2_rolling/install/rqt_service_caller:/home/yamasaki/ros2_rolling/install/rqt_reconfigure:/home/yamasaki/ros2_rolling/install/rqt_py_console:/home/yamasaki/ros2_rolling/install/rqt_publisher:/home/yamasaki/ros2_rolling/install/rqt_action:/home/yamasaki/ros2_rolling/install/rqt_msg:/home/yamasaki/ros2_rolling/install/rqt_console:/home/yamasaki/ros2_rolling/install/rqt_graph:/home/yamasaki/ros2_rolling/install/rqt_gui_py:/home/yamasaki/ros2_rolling/install/rqt_gui:/home/yamasaki/ros2_rolling/install/ros2trace:/home/yamasaki/ros2_rolling/install/ros2topic:/home/yamasaki/ros2_rolling/install/ros2test:/home/yamasaki/ros2_rolling/install/ros2param:/home/yamasaki/ros2_rolling/install/ros2lifecycle:/home/yamasaki/ros2_rolling/install/ros2service:/home/yamasaki/ros2_rolling/install/ros2run:/home/yamasaki/ros2_rolling/install/ros2launch:/home/yamasaki/ros2_rolling/install/ros2pkg:/home/yamasaki/ros2_rolling/install/ros2node:/home/yamasaki/ros2_rolling/install/ros2multicast:/home/yamasaki/ros2_rolling/install/ros2interface:/home/yamasaki/ros2_rolling/install/ros2doctor:/home/yamasaki/ros2_rolling/install/ros2action:/home/yamasaki/ros2_rolling/install/ros2cli:/home/yamasaki/ros2_rolling/install/launch_testing_ros:/home/yamasaki/ros2_rolling/install/launch_ros:/home/yamasaki/ros2_rolling/install/examples_rclpy_minimal_action_server:/home/yamasaki/ros2_rolling/install/examples_rclpy_minimal_action_client:/home/yamasaki/ros2_rolling/install/examples_rclpy_guard_conditions:/home/yamasaki/ros2_rolling/install/action_tutorials_py:/home/yamasaki/ros2_rolling/install/ament_uncrustify:/home/yamasaki/ros2_rolling/install/tracetools_trace:/home/yamasaki/ros2_rolling/install/tracetools_read:/home/yamasaki/ros2_rolling/install/test_tracetools_launch:/home/yamasaki/ros2_rolling/install/test_launch_ros:/home/yamasaki/ros2_rolling/install/rpyutils:/home/yamasaki/ros2_rolling/install/rosidl_runtime_py:/home/yamasaki/ros2_rolling/install/rosidl_pycommon:/home/yamasaki/ros2_rolling/install/rosidl_cli:/home/yamasaki/ros2_rolling/install/launch_pytest:/home/yamasaki/ros2_rolling/install/launch_testing:/home/yamasaki/ros2_rolling/install/launch_yaml:/home/yamasaki/ros2_rolling/install/launch_xml:/home/yamasaki/ros2_rolling/install/launch:/home/yamasaki/ros2_rolling/install/osrf_pycommon:/home/yamasaki/ros2_rolling/install/launch_testing_examples:/home/yamasaki/ros2_rolling/install/domain_coordinator:/home/yamasaki/ros2_rolling/install/ament_xmllint:/home/yamasaki/ros2_rolling/install/ament_pyflakes:/home/yamasaki/ros2_rolling/install/ament_pycodestyle:/home/yamasaki/ros2_rolling/install/ament_pep257:/home/yamasaki/ros2_rolling/install/ament_pclint:/home/yamasaki/ros2_rolling/install/ament_package:/home/yamasaki/ros2_rolling/install/ament_mypy:/home/yamasaki/ros2_rolling/install/ament_lint_cmake:/home/yamasaki/ros2_rolling/install/ament_flake8:/home/yamasaki/ros2_rolling/install/ament_copyright:/home/yamasaki/ros2_rolling/install/ament_lint:/home/yamasaki/ros2_rolling/install/ament_index_python:/home/yamasaki/ros2_rolling/install/ament_cpplint:/home/yamasaki/ros2_rolling/install/ament_cppcheck:/home/yamasaki/ros2_rolling/install/ament_clang_tidy:/home/yamasaki/ros2_rolling/install/ament_clang_format /usr/bin/cmake --build /home/src/demos/build/intra_process_demo -- -j12 -l12
[21.282s] DEBUG:colcon.colcon_core.event_handler.log_command:Invoking command in '/home/src/demos/build/intra_process_demo': CMAKE_PREFIX_PATH=${CMAKE_PREFIX_PATH}:/home/yamasaki/ros2_rolling/install/rqt_bag_plugins:/home/yamasaki/ros2_rolling/install/rqt_bag:/home/yamasaki/ros2_rolling/install/ros2bag:/home/yamasaki/ros2_rolling/install/tracetools_test:/home/yamasaki/ros2_rolling/install/tracetools_launch:/home/yamasaki/ros2_rolling/install/topic_monitor:/home/yamasaki/ros2_rolling/install/tf2_tools:/home/yamasaki/ros2_rolling/install/examples_tf2_py:/home/yamasaki/ros2_rolling/install/tf2_ros_py:/home/yamasaki/ros2_rolling/install/examples_rclpy_pointcloud_publisher:/home/yamasaki/ros2_rolling/install/sensor_msgs_py:/home/yamasaki/ros2_rolling/install/rqt_plot:/home/yamasaki/ros2_rolling/install/quality_of_service_demo_py:/home/yamasaki/ros2_rolling/install/lifecycle_py:/home/yamasaki/ros2_rolling/install/examples_rclpy_minimal_subscriber:/home/yamasaki/ros2_rolling/install/examples_rclpy_minimal_service:/home/yamasaki/ros2_rolling/install/examples_rclpy_minimal_publisher:/home/yamasaki/ros2_rolling/install/examples_rclpy_minimal_client:/home/yamasaki/ros2_rolling/install/examples_rclpy_executors:/home/yamasaki/ros2_rolling/install/demo_nodes_py:/home/yamasaki/ros2_rolling/install/rqt:/home/yamasaki/ros2_rolling/install/ros2component:/home/yamasaki/ros2_rolling/install/sros2:/home/yamasaki/ros2_rolling/install/rqt_topic:/home/yamasaki/ros2_rolling/install/rqt_srv:/home/yamasaki/ros2_rolling/install/rqt_shell:/home/yamasaki/ros2_rolling/install/rqt_service_caller:/home/yamasaki/ros2_rolling/install/rqt_reconfigure:/home/yamasaki/ros2_rolling/install/rqt_py_console:/home/yamasaki/ros2_rolling/install/rqt_publisher:/home/yamasaki/ros2_rolling/install/rqt_action:/home/yamasaki/ros2_rolling/install/rqt_msg:/home/yamasaki/ros2_rolling/install/rqt_console:/home/yamasaki/ros2_rolling/install/rqt_graph:/home/yamasaki/ros2_rolling/install/rqt_gui_py:/home/yamasaki/ros2_rolling/install/rqt_gui:/home/yamasaki/ros2_rolling/install/ros2trace:/home/yamasaki/ros2_rolling/install/ros2topic:/home/yamasaki/ros2_rolling/install/ros2test:/home/yamasaki/ros2_rolling/install/ros2param:/home/yamasaki/ros2_rolling/install/ros2lifecycle:/home/yamasaki/ros2_rolling/install/ros2service:/home/yamasaki/ros2_rolling/install/ros2run:/home/yamasaki/ros2_rolling/install/ros2launch:/home/yamasaki/ros2_rolling/install/ros2pkg:/home/yamasaki/ros2_rolling/install/ros2node:/home/yamasaki/ros2_rolling/install/ros2multicast:/home/yamasaki/ros2_rolling/install/ros2interface:/home/yamasaki/ros2_rolling/install/ros2doctor:/home/yamasaki/ros2_rolling/install/ros2action:/home/yamasaki/ros2_rolling/install/ros2cli:/home/yamasaki/ros2_rolling/install/launch_testing_ros:/home/yamasaki/ros2_rolling/install/launch_ros:/home/yamasaki/ros2_rolling/install/examples_rclpy_minimal_action_server:/home/yamasaki/ros2_rolling/install/examples_rclpy_minimal_action_client:/home/yamasaki/ros2_rolling/install/examples_rclpy_guard_conditions:/home/yamasaki/ros2_rolling/install/action_tutorials_py:/home/yamasaki/ros2_rolling/install/ament_uncrustify:/home/yamasaki/ros2_rolling/install/tracetools_trace:/home/yamasaki/ros2_rolling/install/tracetools_read:/home/yamasaki/ros2_rolling/install/test_tracetools_launch:/home/yamasaki/ros2_rolling/install/test_launch_ros:/home/yamasaki/ros2_rolling/install/rpyutils:/home/yamasaki/ros2_rolling/install/rosidl_runtime_py:/home/yamasaki/ros2_rolling/install/rosidl_pycommon:/home/yamasaki/ros2_rolling/install/rosidl_cli:/home/yamasaki/ros2_rolling/install/launch_pytest:/home/yamasaki/ros2_rolling/install/launch_testing:/home/yamasaki/ros2_rolling/install/launch_yaml:/home/yamasaki/ros2_rolling/install/launch_xml:/home/yamasaki/ros2_rolling/install/launch:/home/yamasaki/ros2_rolling/install/osrf_pycommon:/home/yamasaki/ros2_rolling/install/launch_testing_examples:/home/yamasaki/ros2_rolling/install/domain_coordinator:/home/yamasaki/ros2_rolling/install/ament_xmllint:/home/yamasaki/ros2_rolling/install/ament_pyflakes:/home/yamasaki/ros2_rolling/install/ament_pycodestyle:/home/yamasaki/ros2_rolling/install/ament_pep257:/home/yamasaki/ros2_rolling/install/ament_pclint:/home/yamasaki/ros2_rolling/install/ament_package:/home/yamasaki/ros2_rolling/install/ament_mypy:/home/yamasaki/ros2_rolling/install/ament_lint_cmake:/home/yamasaki/ros2_rolling/install/ament_flake8:/home/yamasaki/ros2_rolling/install/ament_copyright:/home/yamasaki/ros2_rolling/install/ament_lint:/home/yamasaki/ros2_rolling/install/ament_index_python:/home/yamasaki/ros2_rolling/install/ament_cpplint:/home/yamasaki/ros2_rolling/install/ament_cppcheck:/home/yamasaki/ros2_rolling/install/ament_clang_tidy:/home/yamasaki/ros2_rolling/install/ament_clang_format /usr/bin/cmake --install /home/src/demos/build/intra_process_demo
[21.694s] Level 1:colcon.colcon_core.environment:create_environment_scripts_only(intra_process_demo)
[21.695s] DEBUG:colcon.colcon_core.event_handler.log_command:Invoked command in '/home/src/demos/build/intra_process_demo' returned '0': CMAKE_PREFIX_PATH=${CMAKE_PREFIX_PATH}:/home/yamasaki/ros2_rolling/install/rqt_bag_plugins:/home/yamasaki/ros2_rolling/install/rqt_bag:/home/yamasaki/ros2_rolling/install/ros2bag:/home/yamasaki/ros2_rolling/install/tracetools_test:/home/yamasaki/ros2_rolling/install/tracetools_launch:/home/yamasaki/ros2_rolling/install/topic_monitor:/home/yamasaki/ros2_rolling/install/tf2_tools:/home/yamasaki/ros2_rolling/install/examples_tf2_py:/home/yamasaki/ros2_rolling/install/tf2_ros_py:/home/yamasaki/ros2_rolling/install/examples_rclpy_pointcloud_publisher:/home/yamasaki/ros2_rolling/install/sensor_msgs_py:/home/yamasaki/ros2_rolling/install/rqt_plot:/home/yamasaki/ros2_rolling/install/quality_of_service_demo_py:/home/yamasaki/ros2_rolling/install/lifecycle_py:/home/yamasaki/ros2_rolling/install/examples_rclpy_minimal_subscriber:/home/yamasaki/ros2_rolling/install/examples_rclpy_minimal_service:/home/yamasaki/ros2_rolling/install/examples_rclpy_minimal_publisher:/home/yamasaki/ros2_rolling/install/examples_rclpy_minimal_client:/home/yamasaki/ros2_rolling/install/examples_rclpy_executors:/home/yamasaki/ros2_rolling/install/demo_nodes_py:/home/yamasaki/ros2_rolling/install/rqt:/home/yamasaki/ros2_rolling/install/ros2component:/home/yamasaki/ros2_rolling/install/sros2:/home/yamasaki/ros2_rolling/install/rqt_topic:/home/yamasaki/ros2_rolling/install/rqt_srv:/home/yamasaki/ros2_rolling/install/rqt_shell:/home/yamasaki/ros2_rolling/install/rqt_service_caller:/home/yamasaki/ros2_rolling/install/rqt_reconfigure:/home/yamasaki/ros2_rolling/install/rqt_py_console:/home/yamasaki/ros2_rolling/install/rqt_publisher:/home/yamasaki/ros2_rolling/install/rqt_action:/home/yamasaki/ros2_rolling/install/rqt_msg:/home/yamasaki/ros2_rolling/install/rqt_console:/home/yamasaki/ros2_rolling/install/rqt_graph:/home/yamasaki/ros2_rolling/install/rqt_gui_py:/home/yamasaki/ros2_rolling/install/rqt_gui:/home/yamasaki/ros2_rolling/install/ros2trace:/home/yamasaki/ros2_rolling/install/ros2topic:/home/yamasaki/ros2_rolling/install/ros2test:/home/yamasaki/ros2_rolling/install/ros2param:/home/yamasaki/ros2_rolling/install/ros2lifecycle:/home/yamasaki/ros2_rolling/install/ros2service:/home/yamasaki/ros2_rolling/install/ros2run:/home/yamasaki/ros2_rolling/install/ros2launch:/home/yamasaki/ros2_rolling/install/ros2pkg:/home/yamasaki/ros2_rolling/install/ros2node:/home/yamasaki/ros2_rolling/install/ros2multicast:/home/yamasaki/ros2_rolling/install/ros2interface:/home/yamasaki/ros2_rolling/install/ros2doctor:/home/yamasaki/ros2_rolling/install/ros2action:/home/yamasaki/ros2_rolling/install/ros2cli:/home/yamasaki/ros2_rolling/install/launch_testing_ros:/home/yamasaki/ros2_rolling/install/launch_ros:/home/yamasaki/ros2_rolling/install/examples_rclpy_minimal_action_server:/home/yamasaki/ros2_rolling/install/examples_rclpy_minimal_action_client:/home/yamasaki/ros2_rolling/install/examples_rclpy_guard_conditions:/home/yamasaki/ros2_rolling/install/action_tutorials_py:/home/yamasaki/ros2_rolling/install/ament_uncrustify:/home/yamasaki/ros2_rolling/install/tracetools_trace:/home/yamasaki/ros2_rolling/install/tracetools_read:/home/yamasaki/ros2_rolling/install/test_tracetools_launch:/home/yamasaki/ros2_rolling/install/test_launch_ros:/home/yamasaki/ros2_rolling/install/rpyutils:/home/yamasaki/ros2_rolling/install/rosidl_runtime_py:/home/yamasaki/ros2_rolling/install/rosidl_pycommon:/home/yamasaki/ros2_rolling/install/rosidl_cli:/home/yamasaki/ros2_rolling/install/launch_pytest:/home/yamasaki/ros2_rolling/install/launch_testing:/home/yamasaki/ros2_rolling/install/launch_yaml:/home/yamasaki/ros2_rolling/install/launch_xml:/home/yamasaki/ros2_rolling/install/launch:/home/yamasaki/ros2_rolling/install/osrf_pycommon:/home/yamasaki/ros2_rolling/install/launch_testing_examples:/home/yamasaki/ros2_rolling/install/domain_coordinator:/home/yamasaki/ros2_rolling/install/ament_xmllint:/home/yamasaki/ros2_rolling/install/ament_pyflakes:/home/yamasaki/ros2_rolling/install/ament_pycodestyle:/home/yamasaki/ros2_rolling/install/ament_pep257:/home/yamasaki/ros2_rolling/install/ament_pclint:/home/yamasaki/ros2_rolling/install/ament_package:/home/yamasaki/ros2_rolling/install/ament_mypy:/home/yamasaki/ros2_rolling/install/ament_lint_cmake:/home/yamasaki/ros2_rolling/install/ament_flake8:/home/yamasaki/ros2_rolling/install/ament_copyright:/home/yamasaki/ros2_rolling/install/ament_lint:/home/yamasaki/ros2_rolling/install/ament_index_python:/home/yamasaki/ros2_rolling/install/ament_cpplint:/home/yamasaki/ros2_rolling/install/ament_cppcheck:/home/yamasaki/ros2_rolling/install/ament_clang_tidy:/home/yamasaki/ros2_rolling/install/ament_clang_format /usr/bin/cmake --install /home/src/demos/build/intra_process_demo
[21.703s] Level 1:colcon.colcon_core.environment:checking '/home/src/demos/install/intra_process_demo' for CMake module files
[21.703s] Level 1:colcon.colcon_core.environment:checking '/home/src/demos/install/intra_process_demo' for CMake config files
[21.704s] Level 1:colcon.colcon_core.shell:create_environment_hook('intra_process_demo', 'cmake_prefix_path')
[21.705s] INFO:colcon.colcon_core.shell:Creating environment hook '/home/src/demos/install/intra_process_demo/share/intra_process_demo/hook/cmake_prefix_path.ps1'
[21.706s] INFO:colcon.colcon_core.shell:Creating environment descriptor '/home/src/demos/install/intra_process_demo/share/intra_process_demo/hook/cmake_prefix_path.dsv'
[21.706s] INFO:colcon.colcon_core.shell:Creating environment hook '/home/src/demos/install/intra_process_demo/share/intra_process_demo/hook/cmake_prefix_path.sh'
[21.707s] Level 1:colcon.colcon_core.environment:checking '/home/src/demos/install/intra_process_demo/lib'
[21.707s] Level 1:colcon.colcon_core.environment:checking '/home/src/demos/install/intra_process_demo/bin'
[21.707s] Level 1:colcon.colcon_core.environment:checking '/home/src/demos/install/intra_process_demo/lib/pkgconfig/intra_process_demo.pc'
[21.710s] Level 1:colcon.colcon_core.environment:checking '/home/src/demos/install/intra_process_demo/lib/python3.10/site-packages'
[21.710s] Level 1:colcon.colcon_core.environment:checking '/home/src/demos/install/intra_process_demo/bin'
[21.712s] INFO:colcon.colcon_core.shell:Creating package script '/home/src/demos/install/intra_process_demo/share/intra_process_demo/package.ps1'
[21.712s] INFO:colcon.colcon_core.shell:Creating package descriptor '/home/src/demos/install/intra_process_demo/share/intra_process_demo/package.dsv'
[21.713s] INFO:colcon.colcon_core.shell:Creating package script '/home/src/demos/install/intra_process_demo/share/intra_process_demo/package.sh'
[21.713s] INFO:colcon.colcon_core.shell:Creating package script '/home/src/demos/install/intra_process_demo/share/intra_process_demo/package.bash'
[21.714s] INFO:colcon.colcon_core.shell:Creating package script '/home/src/demos/install/intra_process_demo/share/intra_process_demo/package.zsh'
[21.714s] Level 1:colcon.colcon_core.environment:create_file_with_runtime_dependencies(/home/src/demos/install/intra_process_demo/share/colcon-core/packages/intra_process_demo)
[21.862s] Level 1:colcon.colcon_core.environment:create_environment_scripts_only(intra_process_demo)
[21.865s] Level 1:colcon.colcon_core.environment:checking '/home/src/demos/install/intra_process_demo' for CMake module files
[21.865s] Level 1:colcon.colcon_core.environment:checking '/home/src/demos/install/intra_process_demo' for CMake config files
[21.865s] Level 1:colcon.colcon_core.shell:create_environment_hook('intra_process_demo', 'cmake_prefix_path')
[21.867s] INFO:colcon.colcon_core.shell:Creating environment hook '/home/src/demos/install/intra_process_demo/share/intra_process_demo/hook/cmake_prefix_path.ps1'
[21.868s] INFO:colcon.colcon_core.shell:Creating environment descriptor '/home/src/demos/install/intra_process_demo/share/intra_process_demo/hook/cmake_prefix_path.dsv'
[21.868s] INFO:colcon.colcon_core.shell:Creating environment hook '/home/src/demos/install/intra_process_demo/share/intra_process_demo/hook/cmake_prefix_path.sh'
[21.868s] Level 1:colcon.colcon_core.environment:checking '/home/src/demos/install/intra_process_demo/lib'
[21.868s] Level 1:colcon.colcon_core.environment:checking '/home/src/demos/install/intra_process_demo/bin'
[21.868s] Level 1:colcon.colcon_core.environment:checking '/home/src/demos/install/intra_process_demo/lib/pkgconfig/intra_process_demo.pc'
[21.868s] Level 1:colcon.colcon_core.environment:checking '/home/src/demos/install/intra_process_demo/lib/python3.10/site-packages'
[21.869s] Level 1:colcon.colcon_core.environment:checking '/home/src/demos/install/intra_process_demo/bin'
[21.870s] INFO:colcon.colcon_core.shell:Creating package script '/home/src/demos/install/intra_process_demo/share/intra_process_demo/package.ps1'
[21.871s] INFO:colcon.colcon_core.shell:Creating package descriptor '/home/src/demos/install/intra_process_demo/share/intra_process_demo/package.dsv'
[21.871s] INFO:colcon.colcon_core.shell:Creating package script '/home/src/demos/install/intra_process_demo/share/intra_process_demo/package.sh'
[21.871s] INFO:colcon.colcon_core.shell:Creating package script '/home/src/demos/install/intra_process_demo/share/intra_process_demo/package.bash'
[21.872s] INFO:colcon.colcon_core.shell:Creating package script '/home/src/demos/install/intra_process_demo/share/intra_process_demo/package.zsh'
[21.872s] Level 1:colcon.colcon_core.environment:create_file_with_runtime_dependencies(/home/src/demos/install/intra_process_demo/share/colcon-core/packages/intra_process_demo)
[21.872s] DEBUG:colcon.colcon_parallel_executor.executor.parallel:closing loop
[21.872s] DEBUG:colcon.colcon_parallel_executor.executor.parallel:loop closed
[21.873s] DEBUG:colcon.colcon_parallel_executor.executor.parallel:run_until_complete finished with '0'
[21.873s] DEBUG:colcon.colcon_core.event_reactor:joining thread
[21.884s] INFO:colcon.colcon_core.plugin_system:Skipping extension 'colcon_notification.desktop_notification.notify_send': Could not find 'notify-send'
[21.884s] INFO:colcon.colcon_core.plugin_system:Skipping extension 'colcon_notification.desktop_notification.terminal_notifier': Not used on non-Darwin systems
[21.884s] INFO:colcon.colcon_core.plugin_system:Skipping extension 'colcon_notification.desktop_notification.win32': Not used on non-Windows systems
[21.884s] INFO:colcon.colcon_notification.desktop_notification:Sending desktop notification using 'notify2'
[21.884s] DEBUG:colcon.colcon_notification.desktop_notification.notify2:Failed to initialize notify2: org.freedesktop.DBus.Error.NotSupported: Unable to autolaunch a dbus-daemon without a $DISPLAY for X11
[21.884s] DEBUG:colcon.colcon_core.event_reactor:joined thread
[21.886s] INFO:colcon.colcon_core.shell:Creating prefix script '/home/src/demos/install/local_setup.ps1'
[21.887s] INFO:colcon.colcon_core.shell:Creating prefix util module '/home/src/demos/install/_local_setup_util_ps1.py'
[21.888s] INFO:colcon.colcon_core.shell:Creating prefix chain script '/home/src/demos/install/setup.ps1'
[21.898s] INFO:colcon.colcon_core.shell:Creating prefix script '/home/src/demos/install/local_setup.sh'
[21.899s] INFO:colcon.colcon_core.shell:Creating prefix util module '/home/src/demos/install/_local_setup_util_sh.py'
[21.899s] INFO:colcon.colcon_core.shell:Creating prefix chain script '/home/src/demos/install/setup.sh'
[21.910s] INFO:colcon.colcon_core.shell:Creating prefix script '/home/src/demos/install/local_setup.bash'
[21.910s] INFO:colcon.colcon_core.shell:Creating prefix chain script '/home/src/demos/install/setup.bash'
[21.921s] INFO:colcon.colcon_core.shell:Creating prefix script '/home/src/demos/install/local_setup.zsh'
[21.921s] INFO:colcon.colcon_core.shell:Creating prefix chain script '/home/src/demos/install/setup.zsh'
